<?xml version="1.0" encoding="UTF-8"?>
<!-- Generated by org.testng.reporters.JUnitXMLReporter -->
<testsuite hostname="DESKTOP-D9AUETK" failures="0" tests="4" name="Default test" time="29.553" errors="0" timestamp="12 Jun 2023 07:29:36 GMT">
  <testcase classname="com.data.driventest.LoginUsingApachePOI" name="LoginTestCase" time="8.82"/>
  <testcase classname="com.data.driventest.LoginUsingApachePOI" name="LoginTestCase" time="6.461"/>
  <testcase classname="com.data.driventest.LoginUsingApachePOI" name="LoginTestCase" time="6.567"/>
  <testcase classname="com.data.driventest.LoginUsingApachePOI" name="LoginTestCase" time="6.679"/>
</testsuite> <!-- Default test -->
