<?xml version="1.0" encoding="UTF-8"?>
<!-- Generated by org.testng.reporters.JUnitXMLReporter -->
<testsuite hostname="DESKTOP-D9AUETK" failures="0" tests="3" name="Login to POD" time="49.072" errors="0" timestamp="22 May 2023 08:20:31 GMT">
  <testcase classname="com.test.testCases.TC003_MasterDataPage" name="run" time="13.251"/>
  <testcase classname="com.test.testCases.TC004CreateNewAcc" name="run" time="26.737"/>
  <testcase classname="com.test.testCases.TC005LMReportingMetrics" name="run" time="9.049"/>
</testsuite> <!-- Login to POD -->
